<?xml version="1.0" encoding="UTF-8"?>
<testsuite name="assignment1.MainTest" tests="3" skipped="0" failures="0" errors="0" timestamp="2021-10-28T12:54:46" hostname="LAPTOP-R6PDNU7S" time="0.017">
  <properties/>
  <testcase name="getUsernameTest" classname="assignment1.MainTest" time="0.014"/>
  <testcase name="courseProgrammeStudents" classname="assignment1.MainTest" time="0.001"/>
  <testcase name="finalTest" classname="assignment1.MainTest" time="0.001"/>
  <system-out><![CDATA[]]></system-out>
  <system-err><![CDATA[]]></system-err>
</testsuite>
